[sitokata.detoxcantay.online/botcantayf99.html]
[backblue.gif]
[fade.gif]
[index.html]
[w.ladicdn.com/v2/source/ladipage.minef2a.js]
[w.ladicdn.com/s750x950/5c113e00f5d1592491ee50b4/hong-diem-3-1599882525617522452179-20200916103054.jpg]
[w.ladicdn.com/s750x600/5c113e00f5d1592491ee50b4/hong-diem-11-8331-1567434636-20200822035041-20200916090900.jpg]
[w.ladicdn.com/s750x600/5c113e00f5d1592491ee50b4/ff5a7a1b235bca05934a-20200822034940-20200916091035.jpg]
[w.ladicdn.com/s750x900/5c113e00f5d1592491ee50b4/cuoc-hon-nhan-kin-tieng-cua-hong-diem-va-chong-doanh-nhan-20200916102741.jpg]
[w.ladicdn.com/s750x550/5c113e00f5d1592491ee50b4/0-20200824034448-20200916092029.jpg]
[w.ladicdn.com/s750x600/5c113e00f5d1592491ee50b4/0-20200824035021-20200916092116.jpg]
[w.ladicdn.com/s750x600/5c113e00f5d1592491ee50b4/o-20200824040520-20200916092158.jpg]
[w.ladicdn.com/s750x500/5c113e00f5d1592491ee50b4/o-20200824035606-20200916092246.png]
[w.ladicdn.com/s750x550/5c113e00f5d1592491ee50b4/o-20200824040741-20200916092308.jpg]
[w.ladicdn.com/s750x600/5c113e00f5d1592491ee50b4/117949939_3204610896290048_7803495200945490004_o-20200824095329.jpg]
[img.youtube.com/vi/Q9a-PL9Bgoo/hqdefault.jpg]
[w.ladicdn.com/s400x350/5c113e00f5d1592491ee50b4/1200px-vtv1_logo_2013_finalsvg-20200612071844-20200916093138.png]
[img.youtube.com/vi/I9iEnBBOZf8/hqdefault.jpg]
[w.ladicdn.com/s450x350/5c113e00f5d1592491ee50b4/htv9_hd_2015-present3-0-20200916093301.png]
[w.ladicdn.com/s768x1256/5c113e00f5d1592491ee50b4/unnamed-1-20200725035001.jpg]
[w.ladicdn.com/s600x500/5c113e00f5d1592491ee50b4/dae-20200525084959-20200725032902.jpg]
[w.ladicdn.com/s600x500/5c113e00f5d1592491ee50b4/cach-giam-beo-bung-sau-sinh-1-20200509081858-20200725032900.jpg]
[w.ladicdn.com/s600x500/5c113e00f5d1592491ee50b4/thieu-hut-noi-tiet-to-nu-sau-sinh-20200525085730-20200725032904.jpg]
[w.ladicdn.com/s500x500/5c113e00f5d1592491ee50b4/b-nh-beo-phi-23-20200725032906.jpg]
[w.ladicdn.com/s450x450/5c113e00f5d1592491ee50b4/s3-20200522115905-20200806092302.png]
[w.ladicdn.com/s450x450/5c113e00f5d1592491ee50b4/ss-20200522115905-20200806093108.png]
[w.ladicdn.com/s450x450/5c113e00f5d1592491ee50b4/s2-20200522115905-20200806093108.png]
[w.ladicdn.com/s450x450/5c113e00f5d1592491ee50b4/s4-20200522115350-20200806093107.png]
[img.youtube.com/vi/QAcIoFnxqvw/hqdefault.jpg]
[w.ladicdn.com/s550x500/5c113e00f5d1592491ee50b4/0-20200815085903-20200916094343.jpg]
[w.ladicdn.com/s550x450/5c113e00f5d1592491ee50b4/giam-mo-bung-20200801081302-20200916094348.jpg]
[w.ladicdn.com/s500x500/5c113e00f5d1592491ee50b4/0-20200819163148-20200916094340.jpg]
[w.ladicdn.com/s750x450/5c113e00f5d1592491ee50b4/0-20200813095227-20200916094346.jpg]
[w.ladicdn.com/s400x400/5c113e00f5d1592491ee50b4/q1-20200522142135-20200526081850.png]
[w.ladicdn.com/s400x400/5c113e00f5d1592491ee50b4/q2-20200522142135-20200526081850.png]
[w.ladicdn.com/s400x400/5c113e00f5d1592491ee50b4/q3-20200522142135-20200526081850.png]
[w.ladicdn.com/s500x500/5c113e00f5d1592491ee50b4/img_4141-20200522113616-1-20200727082716.png]
[w.ladicdn.com/s600x500/5c113e00f5d1592491ee50b4/sau-30-tuoi-phu-nu-du-ngheo-hay-giau-cung-deu-phai-nho-that-ky-6-chu-vang-nay1-2020-02-05-14-56-20200610032748-20200727082714.jpg]
[w.ladicdn.com/s500x550/5c113e00f5d1592491ee50b4/c3-20200606075854-20200727082719.png]
[w.ladicdn.com/s768x1019/5c113e00f5d1592491ee50b4/dn19l1ub20200326040249-20200725035913.jpg]
[img.youtube.com/vi/avP8hZQEGXs/hqdefault.jpg]
[img.youtube.com/vi/VopkgyXWe1M/hqdefault.jpg]
[img.youtube.com/vi/WYZ2GPD5Ml8/hqdefault.jpg]
[img.youtube.com/vi/yIqkUN3wfiI/hqdefault.jpg]
[img.youtube.com/vi/DFkA4f8DUJI/hqdefault.jpg]
[w.ladicdn.com/s750x650/5c113e00f5d1592491ee50b4/zing-20200527104822-20200725041221.png]
[w.ladicdn.com/s400x400/5c113e00f5d1592491ee50b4/zing-20200527104822-20200725041221.png]
[w.ladicdn.com/s750x650/5c113e00f5d1592491ee50b4/capture-20200527065546-20200725041221.png]
[w.ladicdn.com/s400x400/5c113e00f5d1592491ee50b4/capture-20200527065546-20200725041221.png]
[w.ladicdn.com/s750x650/5c113e00f5d1592491ee50b4/1-20200807155556-20200916095256.png]
[w.ladicdn.com/s400x400/5c113e00f5d1592491ee50b4/1-20200807155556-20200916095256.png]
[w.ladicdn.com/s750x900/5c113e00f5d1592491ee50b4/layer-2-20200621033007-20200725041210.png]
[w.ladicdn.com/s700x450/5c113e00f5d1592491ee50b4/lam-text-02-20200522114520-20200526082336.png]
[w.ladicdn.com/s550x600/5c113e00f5d1592491ee50b4/cobo-20200610030259-20200724084802.png]
[w.ladicdn.com/s350x350/5c113e00f5d1592491ee50b4/18-20200724085417.png]
[w.ladicdn.com/s550x600/5c113e00f5d1592491ee50b4/10-hop-20200712012936-20200724084803.png]
[w.ladicdn.com/s750x550/5c113e00f5d1592491ee50b4/901-20200824043301-20200916092018.png]
[w.ladicdn.com/s650x900/5c113e00f5d1592491ee50b4/077529156a9f97c1ce8e-20200703041923-20200725042405.jpg]
[w.ladicdn.com/s750x450/5c113e00f5d1592491ee50b4/danh-gia-20190918041443-1-20200512094914.png]
[w.ladicdn.com/5c113e00f5d1592491ee50b4/elastichalfabyssiniancat-size_restricted-20200512095446.gif]
[w.ladicdn.com/s400x400/5c113e00f5d1592491ee50b4/img_2447-min-20191126072823-20200513030051.jpg]
[w.ladicdn.com/s400x400/5c113e00f5d1592491ee50b4/dep-da-20200519180543-20200609090909.png]
[w.ladicdn.com/s400x400/5c113e00f5d1592491ee50b4/45158366_2218611325130992_5299248757110472704_n-1545292853-20200513031216.jpg]
[w.ladicdn.com/s400x400/5c113e00f5d1592491ee50b4/f9994194c1323b6c6223-20200524110653-20200609090902.jpg]
[w.ladicdn.com/s550x500/5c113e00f5d1592491ee50b4/zxczxcad-20200524110543-20200609090904.jpg]
[w.ladicdn.com/s400x400/5c113e00f5d1592491ee50b4/56349177_112557323264160_5856386679182458880_n-1554973777-1561631517-20200513031355.jpg]
[w.ladicdn.com/s400x400/5c113e00f5d1592491ee50b4/84947430634_20190408001343-20190918085903-20200513031503.jpg]
[w.ladicdn.com/s450x450/5c113e00f5d1592491ee50b4/logo-20200610023929-20200727082712.png]
[w.ladicdn.com/s700x550/5c113e00f5d1592491ee50b4/anh-nen-dep-cho-power-point-mau-xanh-la_111222664-20200907102702.jpg]
[w.ladicdn.com/s450x450/5c113e00f5d1592491ee50b4/logo-20200610023929-20200907102746.png]
[w.ladicdn.com/s550x650/5c113e00f5d1592491ee50b4/hd1_vayl-20200916102741.jpg]
[connect.facebook.net/en_US/fbevents.js]
[sitokata.detoxcantay.online/botcantayf99.html]
[w.ladicdn.com/v2/source/ladipage.minef2a.css]
[connect.facebook.net/en_US/fbevents.js]
[w.ladicdn.com/v2/source/ladipage.minef2a.css]
[sitokata.detoxcantay.online/POST.html]
[sitokata.detoxcantay.online/POST.html]
[w.ladicdn.com_443/5c113e00f5d1592491ee50b4/83976007_2584884971828009_6580222121782280192_o-20200824095336.jpg]
